<?xml version="1.0" encoding="UTF-8"?>
<!-- Generated by org.testng.reporters.JUnitReportReporter -->
<testsuite hostname="CHN-LAP-AISWRYA" failures="0" tests="1" name="Runners.TestNGRunner" time="55.316" errors="0" timestamp="2022-03-17T23:32:00 IST" skipped="0">
  <testcase classname="Runners.TestNGRunner" name="runScenario" time="55.316"/>
  <system-out/>
</testsuite> <!-- Runners.TestNGRunner -->
