<?xml version="1.0" encoding="UTF-8"?>
<!-- Generated by org.testng.reporters.JUnitReportReporter -->
<testsuite hostname="CHN-LAP-AISWRYA" failures="0" tests="1" name="Runners.TestNGRunner" time="359.662" errors="0" timestamp="2022-03-22T14:31:52 IST" skipped="0">
  <testcase classname="Runners.TestNGRunner" name="runScenario" time="359.662"/>
  <system-out/>
</testsuite> <!-- Runners.TestNGRunner -->
